<?xml version="1.0" encoding="UTF-8"?>
<!-- Generated by org.testng.reporters.JUnitReportReporter -->
<testsuite skipped="1" hostname="DESKTOP-ODF5BLR" name="DemoIsuitListner.Mercurytours" tests="2" failures="0" timestamp="2022-07-25T10:06:04 IST" time="6.789" errors="0">
  <testcase name="f" time="6.789" classname="DemoIsuitListner.Mercurytours"/>
  <system-out/>
  <testcase name="f1" classname="DemoIsuitListner.Mercurytours">
    <skipped/>
  </testcase> <!-- f1 -->
  <system-out/>
</testsuite> <!-- DemoIsuitListner.Mercurytours -->
